<?xml version="1.0" encoding="UTF-8"?>
<!-- Generated by org.testng.reporters.JUnitXMLReporter -->
<testsuite hostname="Nikil" name="cnbc" tests="3" failures="1" timestamp="16 Feb 2018 01:33:38 GMT" time="57.794" errors="0">
  <testcase name="TestA" time="57.267" classname="com.USICS.testcases.cnbc">
    <failure type="java.lang.NullPointerException">
      <![CDATA[java.lang.NullPointerException
	at com.USICS.base.BaseTest.click(BaseTest.java:90)
	at com.USICS.testcases.cnbc.TestA(cnbc.java:54)
... Removed 24 stack frames]]>
    </failure>
  </testcase> <!-- TestA -->
  <testcase name="TestA" time="0.002" classname="com.USICS.testcases.cnbc">
    <skipped/>
  </testcase> <!-- TestA -->
  <testcase name="TestA" time="0.004" classname="com.USICS.testcases.cnbc">
    <skipped/>
  </testcase> <!-- TestA -->
</testsuite> <!-- cnbc -->
